<?xml version="1.0" encoding="UTF-8"?>
<testsuite xmlns:xsi="http://www.w3.org/2001/XMLSchema-instance" xsi:noNamespaceSchemaLocation="https://maven.apache.org/surefire/maven-surefire-plugin/xsd/surefire-test-report-3.0.xsd" version="3.0" name="org.example.testRunners.R01_Smoke" time="175.13" tests="16" errors="0" skipped="0" failures="1">
  <properties>
    <property name="sun.desktop" value="windows"/>
    <property name="awt.toolkit" value="sun.awt.windows.WToolkit"/>
    <property name="file.encoding.pkg" value="sun.io"/>
    <property name="java.specification.version" value="1.8"/>
    <property name="webdriver.chrome.driver" value="C:\Users\Omar Alaa\.cache\selenium\chromedriver\win32\106.0.5249.61\chromedriver.exe"/>
    <property name="sun.cpu.isalist" value="amd64"/>
    <property name="sun.jnu.encoding" value="Cp1252"/>
    <property name="java.class.path" value="C:\Users\Omar Alaa\IdeaProjects\Demo-NopCommerce-By-Sara-Omar\target\test-classes;C:\Users\Omar Alaa\IdeaProjects\Demo-NopCommerce-By-Sara-Omar\target\classes;C:\Users\Omar Alaa\.m2\repository\org\seleniumhq\selenium\selenium-java\3.141.59\selenium-java-3.141.59.jar;C:\Users\Omar Alaa\.m2\repository\org\seleniumhq\selenium\selenium-api\3.141.59\selenium-api-3.141.59.jar;C:\Users\Omar Alaa\.m2\repository\org\seleniumhq\selenium\selenium-chrome-driver\3.141.59\selenium-chrome-driver-3.141.59.jar;C:\Users\Omar Alaa\.m2\repository\org\seleniumhq\selenium\selenium-edge-driver\3.141.59\selenium-edge-driver-3.141.59.jar;C:\Users\Omar Alaa\.m2\repository\org\seleniumhq\selenium\selenium-firefox-driver\3.141.59\selenium-firefox-driver-3.141.59.jar;C:\Users\Omar Alaa\.m2\repository\org\seleniumhq\selenium\selenium-ie-driver\3.141.59\selenium-ie-driver-3.141.59.jar;C:\Users\Omar Alaa\.m2\repository\org\seleniumhq\selenium\selenium-opera-driver\3.141.59\selenium-opera-driver-3.141.59.jar;C:\Users\Omar Alaa\.m2\repository\org\seleniumhq\selenium\selenium-remote-driver\3.141.59\selenium-remote-driver-3.141.59.jar;C:\Users\Omar Alaa\.m2\repository\org\seleniumhq\selenium\selenium-safari-driver\3.141.59\selenium-safari-driver-3.141.59.jar;C:\Users\Omar Alaa\.m2\repository\org\seleniumhq\selenium\selenium-support\3.141.59\selenium-support-3.141.59.jar;C:\Users\Omar Alaa\.m2\repository\net\bytebuddy\byte-buddy\1.8.15\byte-buddy-1.8.15.jar;C:\Users\Omar Alaa\.m2\repository\org\apache\commons\commons-exec\1.3\commons-exec-1.3.jar;C:\Users\Omar Alaa\.m2\repository\com\google\guava\guava\25.0-jre\guava-25.0-jre.jar;C:\Users\Omar Alaa\.m2\repository\com\google\code\findbugs\jsr305\1.3.9\jsr305-1.3.9.jar;C:\Users\Omar Alaa\.m2\repository\org\checkerframework\checker-compat-qual\2.0.0\checker-compat-qual-2.0.0.jar;C:\Users\Omar Alaa\.m2\repository\com\google\errorprone\error_prone_annotations\2.1.3\error_prone_annotations-2.1.3.jar;C:\Users\Omar Alaa\.m2\repository\com\google\j2objc\j2objc-annotations\1.1\j2objc-annotations-1.1.jar;C:\Users\Omar Alaa\.m2\repository\org\codehaus\mojo\animal-sniffer-annotations\1.14\animal-sniffer-annotations-1.14.jar;C:\Users\Omar Alaa\.m2\repository\com\squareup\okhttp3\okhttp\3.11.0\okhttp-3.11.0.jar;C:\Users\Omar Alaa\.m2\repository\com\squareup\okio\okio\1.14.0\okio-1.14.0.jar;C:\Users\Omar Alaa\.m2\repository\io\cucumber\cucumber-java\7.3.3\cucumber-java-7.3.3.jar;C:\Users\Omar Alaa\.m2\repository\io\cucumber\cucumber-core\7.3.3\cucumber-core-7.3.3.jar;C:\Users\Omar Alaa\.m2\repository\io\cucumber\cucumber-gherkin\7.3.3\cucumber-gherkin-7.3.3.jar;C:\Users\Omar Alaa\.m2\repository\io\cucumber\cucumber-gherkin-messages\7.3.3\cucumber-gherkin-messages-7.3.3.jar;C:\Users\Omar Alaa\.m2\repository\io\cucumber\gherkin\23.0.1\gherkin-23.0.1.jar;C:\Users\Omar Alaa\.m2\repository\io\cucumber\messages\18.0.0\messages-18.0.0.jar;C:\Users\Omar Alaa\.m2\repository\io\cucumber\tag-expressions\4.1.0\tag-expressions-4.1.0.jar;C:\Users\Omar Alaa\.m2\repository\io\cucumber\cucumber-expressions\15.1.1\cucumber-expressions-15.1.1.jar;C:\Users\Omar Alaa\.m2\repository\io\cucumber\datatable\7.3.3\datatable-7.3.3.jar;C:\Users\Omar Alaa\.m2\repository\io\cucumber\cucumber-plugin\7.3.3\cucumber-plugin-7.3.3.jar;C:\Users\Omar Alaa\.m2\repository\io\cucumber\docstring\7.3.3\docstring-7.3.3.jar;C:\Users\Omar Alaa\.m2\repository\io\cucumber\html-formatter\19.1.0\html-formatter-19.1.0.jar;C:\Users\Omar Alaa\.m2\repository\io\cucumber\ci-environment\9.0.4\ci-environment-9.0.4.jar;C:\Users\Omar Alaa\.m2\repository\org\apiguardian\apiguardian-api\1.1.2\apiguardian-api-1.1.2.jar;C:\Users\Omar Alaa\.m2\repository\io\cucumber\cucumber-testng\7.3.3\cucumber-testng-7.3.3.jar;C:\Users\Omar Alaa\.m2\repository\org\testng\testng\7.5\testng-7.5.jar;C:\Users\Omar Alaa\.m2\repository\com\beust\jcommander\1.78\jcommander-1.78.jar;C:\Users\Omar Alaa\.m2\repository\org\webjars\jquery\3.5.1\jquery-3.5.1.jar;C:\Users\Omar Alaa\.m2\repository\io\github\bonigarcia\webdrivermanager\5.2.1\webdrivermanager-5.2.1.jar;C:\Users\Omar Alaa\.m2\repository\org\slf4j\slf4j-api\1.7.36\slf4j-api-1.7.36.jar;C:\Users\Omar Alaa\.m2\repository\com\google\code\gson\gson\2.9.0\gson-2.9.0.jar;C:\Users\Omar Alaa\.m2\repository\com\github\docker-java\docker-java\3.2.13\docker-java-3.2.13.jar;C:\Users\Omar Alaa\.m2\repository\com\github\docker-java\docker-java-core\3.2.13\docker-java-core-3.2.13.jar;C:\Users\Omar Alaa\.m2\repository\com\github\docker-java\docker-java-api\3.2.13\docker-java-api-3.2.13.jar;C:\Users\Omar Alaa\.m2\repository\com\fasterxml\jackson\core\jackson-annotations\2.10.3\jackson-annotations-2.10.3.jar;C:\Users\Omar Alaa\.m2\repository\commons-io\commons-io\2.6\commons-io-2.6.jar;C:\Users\Omar Alaa\.m2\repository\org\apache\commons\commons-compress\1.21\commons-compress-1.21.jar;C:\Users\Omar Alaa\.m2\repository\com\fasterxml\jackson\core\jackson-databind\2.10.3\jackson-databind-2.10.3.jar;C:\Users\Omar Alaa\.m2\repository\com\fasterxml\jackson\core\jackson-core\2.10.3\jackson-core-2.10.3.jar;C:\Users\Omar Alaa\.m2\repository\org\bouncycastle\bcpkix-jdk15on\1.64\bcpkix-jdk15on-1.64.jar;C:\Users\Omar Alaa\.m2\repository\org\bouncycastle\bcprov-jdk15on\1.64\bcprov-jdk15on-1.64.jar;C:\Users\Omar Alaa\.m2\repository\org\slf4j\jcl-over-slf4j\1.7.30\jcl-over-slf4j-1.7.30.jar;C:\Users\Omar Alaa\.m2\repository\com\github\docker-java\docker-java-transport-httpclient5\3.2.13\docker-java-transport-httpclient5-3.2.13.jar;C:\Users\Omar Alaa\.m2\repository\com\github\docker-java\docker-java-transport\3.2.13\docker-java-transport-3.2.13.jar;C:\Users\Omar Alaa\.m2\repository\net\java\dev\jna\jna\5.8.0\jna-5.8.0.jar;C:\Users\Omar Alaa\.m2\repository\org\brotli\dec\0.1.2\dec-0.1.2.jar;C:\Users\Omar Alaa\.m2\repository\org\apache\commons\commons-lang3\3.12.0\commons-lang3-3.12.0.jar;C:\Users\Omar Alaa\.m2\repository\org\apache\httpcomponents\client5\httpclient5\5.1.3\httpclient5-5.1.3.jar;C:\Users\Omar Alaa\.m2\repository\org\apache\httpcomponents\core5\httpcore5\5.1.3\httpcore5-5.1.3.jar;C:\Users\Omar Alaa\.m2\repository\org\apache\httpcomponents\core5\httpcore5-h2\5.1.3\httpcore5-h2-5.1.3.jar;C:\Users\Omar Alaa\.m2\repository\org\apache\cassandra\cassandra-all\0.8.1\cassandra-all-0.8.1.jar;C:\Users\Omar Alaa\.m2\repository\commons-cli\commons-cli\1.1\commons-cli-1.1.jar;C:\Users\Omar Alaa\.m2\repository\commons-codec\commons-codec\1.2\commons-codec-1.2.jar;C:\Users\Omar Alaa\.m2\repository\commons-collections\commons-collections\3.2.1\commons-collections-3.2.1.jar;C:\Users\Omar Alaa\.m2\repository\commons-lang\commons-lang\2.4\commons-lang-2.4.jar;C:\Users\Omar Alaa\.m2\repository\com\googlecode\concurrentlinkedhashmap\concurrentlinkedhashmap-lru\1.1\concurrentlinkedhashmap-lru-1.1.jar;C:\Users\Omar Alaa\.m2\repository\org\antlr\antlr\3.2\antlr-3.2.jar;C:\Users\Omar Alaa\.m2\repository\org\antlr\antlr-runtime\3.2\antlr-runtime-3.2.jar;C:\Users\Omar Alaa\.m2\repository\org\antlr\stringtemplate\3.2\stringtemplate-3.2.jar;C:\Users\Omar Alaa\.m2\repository\antlr\antlr\2.7.7\antlr-2.7.7.jar;C:\Users\Omar Alaa\.m2\repository\org\apache\cassandra\deps\avro\1.4.0-cassandra-1\avro-1.4.0-cassandra-1.jar;C:\Users\Omar Alaa\.m2\repository\org\mortbay\jetty\jetty\6.1.22\jetty-6.1.22.jar;C:\Users\Omar Alaa\.m2\repository\org\mortbay\jetty\jetty-util\6.1.22\jetty-util-6.1.22.jar;C:\Users\Omar Alaa\.m2\repository\org\mortbay\jetty\servlet-api\2.5-20081211\servlet-api-2.5-20081211.jar;C:\Users\Omar Alaa\.m2\repository\org\codehaus\jackson\jackson-core-asl\1.4.0\jackson-core-asl-1.4.0.jar;C:\Users\Omar Alaa\.m2\repository\org\codehaus\jackson\jackson-mapper-asl\1.4.0\jackson-mapper-asl-1.4.0.jar;C:\Users\Omar Alaa\.m2\repository\jline\jline\0.9.94\jline-0.9.94.jar;C:\Users\Omar Alaa\.m2\repository\com\googlecode\json-simple\json-simple\1.1\json-simple-1.1.jar;C:\Users\Omar Alaa\.m2\repository\com\github\stephenc\high-scale-lib\high-scale-lib\1.1.2\high-scale-lib-1.1.2.jar;C:\Users\Omar Alaa\.m2\repository\org\yaml\snakeyaml\1.6\snakeyaml-1.6.jar;C:\Users\Omar Alaa\.m2\repository\org\apache\thrift\libthrift\0.6.1\libthrift-0.6.1.jar;C:\Users\Omar Alaa\.m2\repository\junit\junit\4.4\junit-4.4.jar;C:\Users\Omar Alaa\.m2\repository\javax\servlet\servlet-api\2.5\servlet-api-2.5.jar;C:\Users\Omar Alaa\.m2\repository\org\apache\httpcomponents\httpclient\4.0.1\httpclient-4.0.1.jar;C:\Users\Omar Alaa\.m2\repository\org\apache\httpcomponents\httpcore\4.0.1\httpcore-4.0.1.jar;C:\Users\Omar Alaa\.m2\repository\commons-logging\commons-logging\1.1.1\commons-logging-1.1.1.jar;C:\Users\Omar Alaa\.m2\repository\org\apache\cassandra\cassandra-thrift\0.8.1\cassandra-thrift-0.8.1.jar;C:\Users\Omar Alaa\.m2\repository\com\github\stephenc\jamm\0.2.2\jamm-0.2.2.jar;"/>
    <property name="java.vm.vendor" value="Oracle Corporation"/>
    <property name="sun.arch.data.model" value="64"/>
    <property name="user.variant" value=""/>
    <property name="java.vendor.url" value="http://java.oracle.com/"/>
    <property name="user.timezone" value="Africa/Cairo"/>
    <property name="java.vm.specification.version" value="1.8"/>
    <property name="os.name" value="Windows 10"/>
    <property name="user.country" value="US"/>
    <property name="sun.java.launcher" value="SUN_STANDARD"/>
    <property name="sun.boot.library.path" value="C:\Program Files\Java\jdk1.8.0_261\jre\bin"/>
    <property name="sun.java.command" value="C:\Users\Omar Alaa\AppData\Local\Temp\surefire272946774526298337\surefirebooter7112961152712529623.jar C:\Users\Omar Alaa\AppData\Local\Temp\surefire272946774526298337 2022-10-22T14-10-41_384-jvmRun1 surefire6973232339416482695tmp surefire_03310691634497958494tmp"/>
    <property name="surefire.test.class.path" value="C:\Users\Omar Alaa\IdeaProjects\Demo-NopCommerce-By-Sara-Omar\target\test-classes;C:\Users\Omar Alaa\IdeaProjects\Demo-NopCommerce-By-Sara-Omar\target\classes;C:\Users\Omar Alaa\.m2\repository\org\seleniumhq\selenium\selenium-java\3.141.59\selenium-java-3.141.59.jar;C:\Users\Omar Alaa\.m2\repository\org\seleniumhq\selenium\selenium-api\3.141.59\selenium-api-3.141.59.jar;C:\Users\Omar Alaa\.m2\repository\org\seleniumhq\selenium\selenium-chrome-driver\3.141.59\selenium-chrome-driver-3.141.59.jar;C:\Users\Omar Alaa\.m2\repository\org\seleniumhq\selenium\selenium-edge-driver\3.141.59\selenium-edge-driver-3.141.59.jar;C:\Users\Omar Alaa\.m2\repository\org\seleniumhq\selenium\selenium-firefox-driver\3.141.59\selenium-firefox-driver-3.141.59.jar;C:\Users\Omar Alaa\.m2\repository\org\seleniumhq\selenium\selenium-ie-driver\3.141.59\selenium-ie-driver-3.141.59.jar;C:\Users\Omar Alaa\.m2\repository\org\seleniumhq\selenium\selenium-opera-driver\3.141.59\selenium-opera-driver-3.141.59.jar;C:\Users\Omar Alaa\.m2\repository\org\seleniumhq\selenium\selenium-remote-driver\3.141.59\selenium-remote-driver-3.141.59.jar;C:\Users\Omar Alaa\.m2\repository\org\seleniumhq\selenium\selenium-safari-driver\3.141.59\selenium-safari-driver-3.141.59.jar;C:\Users\Omar Alaa\.m2\repository\org\seleniumhq\selenium\selenium-support\3.141.59\selenium-support-3.141.59.jar;C:\Users\Omar Alaa\.m2\repository\net\bytebuddy\byte-buddy\1.8.15\byte-buddy-1.8.15.jar;C:\Users\Omar Alaa\.m2\repository\org\apache\commons\commons-exec\1.3\commons-exec-1.3.jar;C:\Users\Omar Alaa\.m2\repository\com\google\guava\guava\25.0-jre\guava-25.0-jre.jar;C:\Users\Omar Alaa\.m2\repository\com\google\code\findbugs\jsr305\1.3.9\jsr305-1.3.9.jar;C:\Users\Omar Alaa\.m2\repository\org\checkerframework\checker-compat-qual\2.0.0\checker-compat-qual-2.0.0.jar;C:\Users\Omar Alaa\.m2\repository\com\google\errorprone\error_prone_annotations\2.1.3\error_prone_annotations-2.1.3.jar;C:\Users\Omar Alaa\.m2\repository\com\google\j2objc\j2objc-annotations\1.1\j2objc-annotations-1.1.jar;C:\Users\Omar Alaa\.m2\repository\org\codehaus\mojo\animal-sniffer-annotations\1.14\animal-sniffer-annotations-1.14.jar;C:\Users\Omar Alaa\.m2\repository\com\squareup\okhttp3\okhttp\3.11.0\okhttp-3.11.0.jar;C:\Users\Omar Alaa\.m2\repository\com\squareup\okio\okio\1.14.0\okio-1.14.0.jar;C:\Users\Omar Alaa\.m2\repository\io\cucumber\cucumber-java\7.3.3\cucumber-java-7.3.3.jar;C:\Users\Omar Alaa\.m2\repository\io\cucumber\cucumber-core\7.3.3\cucumber-core-7.3.3.jar;C:\Users\Omar Alaa\.m2\repository\io\cucumber\cucumber-gherkin\7.3.3\cucumber-gherkin-7.3.3.jar;C:\Users\Omar Alaa\.m2\repository\io\cucumber\cucumber-gherkin-messages\7.3.3\cucumber-gherkin-messages-7.3.3.jar;C:\Users\Omar Alaa\.m2\repository\io\cucumber\gherkin\23.0.1\gherkin-23.0.1.jar;C:\Users\Omar Alaa\.m2\repository\io\cucumber\messages\18.0.0\messages-18.0.0.jar;C:\Users\Omar Alaa\.m2\repository\io\cucumber\tag-expressions\4.1.0\tag-expressions-4.1.0.jar;C:\Users\Omar Alaa\.m2\repository\io\cucumber\cucumber-expressions\15.1.1\cucumber-expressions-15.1.1.jar;C:\Users\Omar Alaa\.m2\repository\io\cucumber\datatable\7.3.3\datatable-7.3.3.jar;C:\Users\Omar Alaa\.m2\repository\io\cucumber\cucumber-plugin\7.3.3\cucumber-plugin-7.3.3.jar;C:\Users\Omar Alaa\.m2\repository\io\cucumber\docstring\7.3.3\docstring-7.3.3.jar;C:\Users\Omar Alaa\.m2\repository\io\cucumber\html-formatter\19.1.0\html-formatter-19.1.0.jar;C:\Users\Omar Alaa\.m2\repository\io\cucumber\ci-environment\9.0.4\ci-environment-9.0.4.jar;C:\Users\Omar Alaa\.m2\repository\org\apiguardian\apiguardian-api\1.1.2\apiguardian-api-1.1.2.jar;C:\Users\Omar Alaa\.m2\repository\io\cucumber\cucumber-testng\7.3.3\cucumber-testng-7.3.3.jar;C:\Users\Omar Alaa\.m2\repository\org\testng\testng\7.5\testng-7.5.jar;C:\Users\Omar Alaa\.m2\repository\com\beust\jcommander\1.78\jcommander-1.78.jar;C:\Users\Omar Alaa\.m2\repository\org\webjars\jquery\3.5.1\jquery-3.5.1.jar;C:\Users\Omar Alaa\.m2\repository\io\github\bonigarcia\webdrivermanager\5.2.1\webdrivermanager-5.2.1.jar;C:\Users\Omar Alaa\.m2\repository\org\slf4j\slf4j-api\1.7.36\slf4j-api-1.7.36.jar;C:\Users\Omar Alaa\.m2\repository\com\google\code\gson\gson\2.9.0\gson-2.9.0.jar;C:\Users\Omar Alaa\.m2\repository\com\github\docker-java\docker-java\3.2.13\docker-java-3.2.13.jar;C:\Users\Omar Alaa\.m2\repository\com\github\docker-java\docker-java-core\3.2.13\docker-java-core-3.2.13.jar;C:\Users\Omar Alaa\.m2\repository\com\github\docker-java\docker-java-api\3.2.13\docker-java-api-3.2.13.jar;C:\Users\Omar Alaa\.m2\repository\com\fasterxml\jackson\core\jackson-annotations\2.10.3\jackson-annotations-2.10.3.jar;C:\Users\Omar Alaa\.m2\repository\commons-io\commons-io\2.6\commons-io-2.6.jar;C:\Users\Omar Alaa\.m2\repository\org\apache\commons\commons-compress\1.21\commons-compress-1.21.jar;C:\Users\Omar Alaa\.m2\repository\com\fasterxml\jackson\core\jackson-databind\2.10.3\jackson-databind-2.10.3.jar;C:\Users\Omar Alaa\.m2\repository\com\fasterxml\jackson\core\jackson-core\2.10.3\jackson-core-2.10.3.jar;C:\Users\Omar Alaa\.m2\repository\org\bouncycastle\bcpkix-jdk15on\1.64\bcpkix-jdk15on-1.64.jar;C:\Users\Omar Alaa\.m2\repository\org\bouncycastle\bcprov-jdk15on\1.64\bcprov-jdk15on-1.64.jar;C:\Users\Omar Alaa\.m2\repository\org\slf4j\jcl-over-slf4j\1.7.30\jcl-over-slf4j-1.7.30.jar;C:\Users\Omar Alaa\.m2\repository\com\github\docker-java\docker-java-transport-httpclient5\3.2.13\docker-java-transport-httpclient5-3.2.13.jar;C:\Users\Omar Alaa\.m2\repository\com\github\docker-java\docker-java-transport\3.2.13\docker-java-transport-3.2.13.jar;C:\Users\Omar Alaa\.m2\repository\net\java\dev\jna\jna\5.8.0\jna-5.8.0.jar;C:\Users\Omar Alaa\.m2\repository\org\brotli\dec\0.1.2\dec-0.1.2.jar;C:\Users\Omar Alaa\.m2\repository\org\apache\commons\commons-lang3\3.12.0\commons-lang3-3.12.0.jar;C:\Users\Omar Alaa\.m2\repository\org\apache\httpcomponents\client5\httpclient5\5.1.3\httpclient5-5.1.3.jar;C:\Users\Omar Alaa\.m2\repository\org\apache\httpcomponents\core5\httpcore5\5.1.3\httpcore5-5.1.3.jar;C:\Users\Omar Alaa\.m2\repository\org\apache\httpcomponents\core5\httpcore5-h2\5.1.3\httpcore5-h2-5.1.3.jar;C:\Users\Omar Alaa\.m2\repository\org\apache\cassandra\cassandra-all\0.8.1\cassandra-all-0.8.1.jar;C:\Users\Omar Alaa\.m2\repository\commons-cli\commons-cli\1.1\commons-cli-1.1.jar;C:\Users\Omar Alaa\.m2\repository\commons-codec\commons-codec\1.2\commons-codec-1.2.jar;C:\Users\Omar Alaa\.m2\repository\commons-collections\commons-collections\3.2.1\commons-collections-3.2.1.jar;C:\Users\Omar Alaa\.m2\repository\commons-lang\commons-lang\2.4\commons-lang-2.4.jar;C:\Users\Omar Alaa\.m2\repository\com\googlecode\concurrentlinkedhashmap\concurrentlinkedhashmap-lru\1.1\concurrentlinkedhashmap-lru-1.1.jar;C:\Users\Omar Alaa\.m2\repository\org\antlr\antlr\3.2\antlr-3.2.jar;C:\Users\Omar Alaa\.m2\repository\org\antlr\antlr-runtime\3.2\antlr-runtime-3.2.jar;C:\Users\Omar Alaa\.m2\repository\org\antlr\stringtemplate\3.2\stringtemplate-3.2.jar;C:\Users\Omar Alaa\.m2\repository\antlr\antlr\2.7.7\antlr-2.7.7.jar;C:\Users\Omar Alaa\.m2\repository\org\apache\cassandra\deps\avro\1.4.0-cassandra-1\avro-1.4.0-cassandra-1.jar;C:\Users\Omar Alaa\.m2\repository\org\mortbay\jetty\jetty\6.1.22\jetty-6.1.22.jar;C:\Users\Omar Alaa\.m2\repository\org\mortbay\jetty\jetty-util\6.1.22\jetty-util-6.1.22.jar;C:\Users\Omar Alaa\.m2\repository\org\mortbay\jetty\servlet-api\2.5-20081211\servlet-api-2.5-20081211.jar;C:\Users\Omar Alaa\.m2\repository\org\codehaus\jackson\jackson-core-asl\1.4.0\jackson-core-asl-1.4.0.jar;C:\Users\Omar Alaa\.m2\repository\org\codehaus\jackson\jackson-mapper-asl\1.4.0\jackson-mapper-asl-1.4.0.jar;C:\Users\Omar Alaa\.m2\repository\jline\jline\0.9.94\jline-0.9.94.jar;C:\Users\Omar Alaa\.m2\repository\com\googlecode\json-simple\json-simple\1.1\json-simple-1.1.jar;C:\Users\Omar Alaa\.m2\repository\com\github\stephenc\high-scale-lib\high-scale-lib\1.1.2\high-scale-lib-1.1.2.jar;C:\Users\Omar Alaa\.m2\repository\org\yaml\snakeyaml\1.6\snakeyaml-1.6.jar;C:\Users\Omar Alaa\.m2\repository\org\apache\thrift\libthrift\0.6.1\libthrift-0.6.1.jar;C:\Users\Omar Alaa\.m2\repository\junit\junit\4.4\junit-4.4.jar;C:\Users\Omar Alaa\.m2\repository\javax\servlet\servlet-api\2.5\servlet-api-2.5.jar;C:\Users\Omar Alaa\.m2\repository\org\apache\httpcomponents\httpclient\4.0.1\httpclient-4.0.1.jar;C:\Users\Omar Alaa\.m2\repository\org\apache\httpcomponents\httpcore\4.0.1\httpcore-4.0.1.jar;C:\Users\Omar Alaa\.m2\repository\commons-logging\commons-logging\1.1.1\commons-logging-1.1.1.jar;C:\Users\Omar Alaa\.m2\repository\org\apache\cassandra\cassandra-thrift\0.8.1\cassandra-thrift-0.8.1.jar;C:\Users\Omar Alaa\.m2\repository\com\github\stephenc\jamm\0.2.2\jamm-0.2.2.jar;"/>
    <property name="sun.cpu.endian" value="little"/>
    <property name="user.home" value="C:\Users\Omar Alaa"/>
    <property name="user.language" value="en"/>
    <property name="java.specification.vendor" value="Oracle Corporation"/>
    <property name="java.home" value="C:\Program Files\Java\jdk1.8.0_261\jre"/>
    <property name="basedir" value="C:\Users\Omar Alaa\IdeaProjects\Demo-NopCommerce-By-Sara-Omar"/>
    <property name="file.separator" value="\"/>
    <property name="line.separator" value="&#10;"/>
    <property name="java.vm.specification.vendor" value="Oracle Corporation"/>
    <property name="java.specification.name" value="Java Platform API Specification"/>
    <property name="java.awt.graphicsenv" value="sun.awt.Win32GraphicsEnvironment"/>
    <property name="surefire.real.class.path" value="C:\Users\Omar Alaa\AppData\Local\Temp\surefire272946774526298337\surefirebooter7112961152712529623.jar"/>
    <property name="sun.boot.class.path" value="C:\Program Files\Java\jdk1.8.0_261\jre\lib\resources.jar;C:\Program Files\Java\jdk1.8.0_261\jre\lib\rt.jar;C:\Program Files\Java\jdk1.8.0_261\jre\lib\sunrsasign.jar;C:\Program Files\Java\jdk1.8.0_261\jre\lib\jsse.jar;C:\Program Files\Java\jdk1.8.0_261\jre\lib\jce.jar;C:\Program Files\Java\jdk1.8.0_261\jre\lib\charsets.jar;C:\Program Files\Java\jdk1.8.0_261\jre\lib\jfr.jar;C:\Program Files\Java\jdk1.8.0_261\jre\classes"/>
    <property name="user.script" value=""/>
    <property name="sun.management.compiler" value="HotSpot 64-Bit Tiered Compilers"/>
    <property name="java.runtime.version" value="1.8.0_261-b12"/>
    <property name="user.name" value="Omar Alaa"/>
    <property name="path.separator" value=";"/>
    <property name="os.version" value="10.0"/>
    <property name="java.endorsed.dirs" value="C:\Program Files\Java\jdk1.8.0_261\jre\lib\endorsed"/>
    <property name="java.runtime.name" value="Java(TM) SE Runtime Environment"/>
    <property name="file.encoding" value="Cp1252"/>
    <property name="java.vm.name" value="Java HotSpot(TM) 64-Bit Server VM"/>
    <property name="localRepository" value="C:\Users\Omar Alaa\.m2\repository"/>
    <property name="java.vendor.url.bug" value="http://bugreport.sun.com/bugreport/"/>
    <property name="java.io.tmpdir" value="C:\Users\OMARAL~1\AppData\Local\Temp\"/>
    <property name="idea.version" value="2021.3.3"/>
    <property name="java.version" value="1.8.0_261"/>
    <property name="user.dir" value="C:\Users\Omar Alaa\IdeaProjects\Demo-NopCommerce-By-Sara-Omar"/>
    <property name="os.arch" value="amd64"/>
    <property name="java.vm.specification.name" value="Java Virtual Machine Specification"/>
    <property name="java.awt.printerjob" value="sun.awt.windows.WPrinterJob"/>
    <property name="sun.os.patch.level" value=""/>
    <property name="java.library.path" value="C:\Program Files\Java\jdk1.8.0_261\jre\bin;C:\Windows\Sun\Java\bin;C:\Windows\system32;C:\Windows;C:\Program Files\Google\Chrome\Application;C:\Program Files (x86)\Common Files\Oracle\Java\javapath;C:\Windows\system32;C:\Windows;C:\Windows\System32\Wbem;C:\Windows\System32\WindowsPowerShell\v1.0\;C:\Windows\System32\OpenSSH\;C:\Program Files\Java\jre1.8.0_341\bin;C:\Users\Omar Alaa\AppData\Local\Microsoft\WindowsApps;;."/>
    <property name="java.vm.info" value="mixed mode"/>
    <property name="java.vendor" value="Oracle Corporation"/>
    <property name="java.vm.version" value="25.261-b12"/>
    <property name="java.ext.dirs" value="C:\Program Files\Java\jdk1.8.0_261\jre\lib\ext;C:\Windows\Sun\Java\lib\ext"/>
    <property name="sun.io.unicode.encoding" value="UnicodeLittle"/>
    <property name="java.class.version" value="52.0"/>
  </properties>
  <testcase name="runScenario[&quot;guest user could register with valid data successfully&quot;, &quot;F01_Register | users could register with new accounts&quot;](1)" classname="org.example.testRunners.R01_Smoke" time="12.475">
    <system-err><![CDATA[SLF4J: Failed to load class "org.slf4j.impl.StaticLoggerBinder".
SLF4J: Defaulting to no-operation (NOP) logger implementation
SLF4J: See http://www.slf4j.org/codes.html#StaticLoggerBinder for further details.
Starting ChromeDriver 106.0.5249.61 (511755355844955cd3e264779baf0dd38212a4d0-refs/branch-heads/5249@{#569}) on port 7879
Only local connections are allowed.
Please see https://chromedriver.chromium.org/security-considerations for suggestions on keeping ChromeDriver safe.
ChromeDriver was started successfully.
Oct 22, 2022 2:10:45 PM org.openqa.selenium.remote.ProtocolHandshake createSession
INFO: Detected dialect: W3C
]]></system-err>
  </testcase>
  <testcase name="runScenario[&quot;user login with valid data&quot;, &quot;F02_Login | user should be able to login to the system&quot;](2)" classname="org.example.testRunners.R01_Smoke" time="10.603">
    <system-err><![CDATA[Starting ChromeDriver 106.0.5249.61 (511755355844955cd3e264779baf0dd38212a4d0-refs/branch-heads/5249@{#569}) on port 28317
Only local connections are allowed.
Please see https://chromedriver.chromium.org/security-considerations for suggestions on keeping ChromeDriver safe.
ChromeDriver was started successfully.
Oct 22, 2022 2:10:56 PM org.openqa.selenium.remote.ProtocolHandshake createSession
INFO: Detected dialect: W3C
]]></system-err>
  </testcase>
  <testcase name="runScenario[&quot;user login with invalid data&quot;, &quot;F02_Login | user should be able to login to the system&quot;](3)" classname="org.example.testRunners.R01_Smoke" time="9.769">
    <system-err><![CDATA[Starting ChromeDriver 106.0.5249.61 (511755355844955cd3e264779baf0dd38212a4d0-refs/branch-heads/5249@{#569}) on port 32417
Only local connections are allowed.
Please see https://chromedriver.chromium.org/security-considerations for suggestions on keeping ChromeDriver safe.
ChromeDriver was started successfully.
Oct 22, 2022 2:11:07 PM org.openqa.selenium.remote.ProtocolHandshake createSession
INFO: Detected dialect: W3C
]]></system-err>
  </testcase>
  <testcase name="runScenario[&quot;User could reset the password successfully&quot;, &quot;F03_PasswordRecovery | User could reset password successfully&quot;](4)" classname="org.example.testRunners.R01_Smoke" time="8.799">
    <system-err><![CDATA[Starting ChromeDriver 106.0.5249.61 (511755355844955cd3e264779baf0dd38212a4d0-refs/branch-heads/5249@{#569}) on port 35809
Only local connections are allowed.
Please see https://chromedriver.chromium.org/security-considerations for suggestions on keeping ChromeDriver safe.
ChromeDriver was started successfully.
Oct 22, 2022 2:11:16 PM org.openqa.selenium.remote.ProtocolHandshake createSession
INFO: Detected dialect: W3C
]]></system-err>
  </testcase>
  <testcase name="runScenario[&quot;Logged User could switch between currencies&quot;, &quot;F04_Currency | user could switch between currencies US-Euro&quot;](5)" classname="org.example.testRunners.R01_Smoke" time="31.201">
    <system-err><![CDATA[Starting ChromeDriver 106.0.5249.61 (511755355844955cd3e264779baf0dd38212a4d0-refs/branch-heads/5249@{#569}) on port 45957
Only local connections are allowed.
Please see https://chromedriver.chromium.org/security-considerations for suggestions on keeping ChromeDriver safe.
ChromeDriver was started successfully.
Oct 22, 2022 2:11:25 PM org.openqa.selenium.remote.ProtocolHandshake createSession
INFO: Detected dialect: W3C
]]></system-err>
  </testcase>
  <testcase name="runScenario[&quot;user could search using product name&quot;, &quot;F05_Search | users will be able to search for products with different parameters&quot;](6)" classname="org.example.testRunners.R01_Smoke" time="8.908">
    <system-err><![CDATA[Starting ChromeDriver 106.0.5249.61 (511755355844955cd3e264779baf0dd38212a4d0-refs/branch-heads/5249@{#569}) on port 29384
Only local connections are allowed.
Please see https://chromedriver.chromium.org/security-considerations for suggestions on keeping ChromeDriver safe.
ChromeDriver was started successfully.
Oct 22, 2022 2:11:56 PM org.openqa.selenium.remote.ProtocolHandshake createSession
INFO: Detected dialect: W3C
]]></system-err>
  </testcase>
  <testcase name="runScenario[&quot;user search using SKU&quot;, &quot;F05_Search | users will be able to search for products with different parameters&quot;](7)" classname="org.example.testRunners.R01_Smoke" time="7.202">
    <system-err><![CDATA[Starting ChromeDriver 106.0.5249.61 (511755355844955cd3e264779baf0dd38212a4d0-refs/branch-heads/5249@{#569}) on port 34559
Only local connections are allowed.
Please see https://chromedriver.chromium.org/security-considerations for suggestions on keeping ChromeDriver safe.
ChromeDriver was started successfully.
Oct 22, 2022 2:12:05 PM org.openqa.selenium.remote.ProtocolHandshake createSession
INFO: Detected dialect: W3C
]]></system-err>
  </testcase>
  <testcase name="runScenario[&quot;user search using invalid product name&quot;, &quot;F05_Search | users will be able to search for products with different parameters&quot;](8)" classname="org.example.testRunners.R01_Smoke" time="7.186">
    <system-err><![CDATA[Starting ChromeDriver 106.0.5249.61 (511755355844955cd3e264779baf0dd38212a4d0-refs/branch-heads/5249@{#569}) on port 8216
Only local connections are allowed.
Please see https://chromedriver.chromium.org/security-considerations for suggestions on keeping ChromeDriver safe.
ChromeDriver was started successfully.
Oct 22, 2022 2:12:13 PM org.openqa.selenium.remote.ProtocolHandshake createSession
INFO: Detected dialect: W3C
]]></system-err>
  </testcase>
  <testcase name="runScenario[&quot;user could hover categories&quot;, &quot;F06_HoverCategories  |  user could hover categories and select sub category&quot;](9)" classname="org.example.testRunners.R01_Smoke" time="9.267">
    <system-err><![CDATA[Starting ChromeDriver 106.0.5249.61 (511755355844955cd3e264779baf0dd38212a4d0-refs/branch-heads/5249@{#569}) on port 43392
Only local connections are allowed.
Please see https://chromedriver.chromium.org/security-considerations for suggestions on keeping ChromeDriver safe.
ChromeDriver was started successfully.
Oct 22, 2022 2:12:20 PM org.openqa.selenium.remote.ProtocolHandshake createSession
INFO: Detected dialect: W3C
]]></system-err>
  </testcase>
  <testcase name="runScenario[&quot;user opens facebook link&quot;, &quot;F08_FollowUs | users could open followUs links&quot;](10)" classname="org.example.testRunners.R01_Smoke" time="8.719">
    <system-out><![CDATA[
@smoke
Scenario: guest user could register with valid data successfully &amp#27;[90m# src/main/resources/features/F01_Register.feature:5&amp#27;[0m
  &amp#27;[32mGiven &amp#27;[0m&amp#27;[32muser go to register page&amp#27;[0m                                 &amp#27;[90m# org.example.stepDefinitions.SD01_Register.step1()&amp#27;[0m
  &amp#27;[32mWhen &amp#27;[0m&amp#27;[32muser select gender type&amp#27;[0m                                   &amp#27;[90m# org.example.stepDefinitions.SD01_Register.step2()&amp#27;[0m
  &amp#27;[32mAnd &amp#27;[0m&amp#27;[32muser enter first name "&amp#27;[0m&amp#27;[32m&amp#27;[1mSara&amp#27;[0m&amp#27;[32m" and last name "&amp#27;[0m&amp#27;[32m&amp#27;[1mOmar&amp#27;[0m&amp#27;[32m"&amp#27;[0m          &amp#27;[90m# org.example.stepDefinitions.SD01_Register.step3(java.lang.String,java.lang.String)&amp#27;[0m
  &amp#27;[32mAnd &amp#27;[0m&amp#27;[32muser enter date of birth&amp#27;[0m                                   &amp#27;[90m# org.example.stepDefinitions.SD01_Register.step4()&amp#27;[0m
  &amp#27;[32mAnd &amp#27;[0m&amp#27;[32muser enter email "&amp#27;[0m&amp#27;[32m&amp#27;[1mTest12345@test.com&amp#27;[0m&amp#27;[32m" field&amp#27;[0m                &amp#27;[90m# org.example.stepDefinitions.SD01_Register.step5(java.lang.String)&amp#27;[0m
  &amp#27;[32mAnd &amp#27;[0m&amp#27;[32muser enter company name&amp#27;[0m                                    &amp#27;[90m# org.example.stepDefinitions.SD01_Register.step6()&amp#27;[0m
  &amp#27;[32mAnd &amp#27;[0m&amp#27;[32muser fills Password fields "&amp#27;[0m&amp#27;[32m&amp#27;[1mP@ssw0rd&amp#27;[0m&amp#27;[32m" and "&amp#27;[0m&amp#27;[32m&amp#27;[1mP@ssw0rd&amp#27;[0m&amp#27;[32m"&amp#27;[0m       &amp#27;[90m# org.example.stepDefinitions.SD01_Register.step7(java.lang.String,java.lang.String)&amp#27;[0m
  &amp#27;[32mAnd &amp#27;[0m&amp#27;[32muser clicks on register button&amp#27;[0m                             &amp#27;[90m# org.example.stepDefinitions.SD01_Register.step8()&amp#27;[0m
  &amp#27;[32mThen &amp#27;[0m&amp#27;[32msuccess message is displayed&amp#27;[0m                              &amp#27;[90m# org.example.stepDefinitions.SD01_Register.step9()&amp#27;[0m

@smoke
Scenario: user login with valid data                    &amp#27;[90m# src/main/resources/features/F02_Login.feature:7&amp#27;[0m
  &amp#27;[32mGiven &amp#27;[0m&amp#27;[32muser navigate to login page&amp#27;[0m                     &amp#27;[90m# org.example.stepDefinitions.SD02_Login.step1()&amp#27;[0m
  &amp#27;[32mWhen &amp#27;[0m&amp#27;[32muser enter "&amp#27;[0m&amp#27;[32m&amp#27;[1mTest12345@test.com&amp#27;[0m&amp#27;[32m" and "&amp#27;[0m&amp#27;[32m&amp#27;[1mP@ssw0rd&amp#27;[0m&amp#27;[32m"&amp#27;[0m   &amp#27;[90m# org.example.stepDefinitions.SD02_Login.step2(java.lang.String,java.lang.String)&amp#27;[0m
  &amp#27;[32mThen &amp#27;[0m&amp#27;[32muser click on login button&amp#27;[0m                       &amp#27;[90m# org.example.stepDefinitions.SD02_Login.step3()&amp#27;[0m
  &amp#27;[32mAnd &amp#27;[0m&amp#27;[32muser could login successfully and go to home page&amp#27;[0m &amp#27;[90m# org.example.stepDefinitions.SD02_Login.step4()&amp#27;[0m

@smoke
Scenario: user login with invalid data                      &amp#27;[90m# src/main/resources/features/F02_Login.feature:13&amp#27;[0m
  &amp#27;[32mGiven &amp#27;[0m&amp#27;[32muser navigate to login page&amp#27;[0m                         &amp#27;[90m# org.example.stepDefinitions.SD02_Login.step1()&amp#27;[0m
  &amp#27;[32mWhen &amp#27;[0m&amp#27;[32muser enter "&amp#27;[0m&amp#27;[32m&amp#27;[1masdasd@yahoo.com&amp#27;[0m&amp#27;[32m" and "&amp#27;[0m&amp#27;[32m&amp#27;[1mPassword&amp#27;[0m&amp#27;[32m"&amp#27;[0m         &amp#27;[90m# org.example.stepDefinitions.SD02_Login.step2(java.lang.String,java.lang.String)&amp#27;[0m
  &amp#27;[32mThen &amp#27;[0m&amp#27;[32muser click on login button&amp#27;[0m                           &amp#27;[90m# org.example.stepDefinitions.SD02_Login.step3()&amp#27;[0m
  &amp#27;[32mAnd &amp#27;[0m&amp#27;[32muser could not login successfully and go to home page&amp#27;[0m &amp#27;[90m# org.example.stepDefinitions.SD02_Login.step5()&amp#27;[0m

@smoke
Scenario: User could reset the password successfully &amp#27;[90m# src/main/resources/features/F03_PasswordRecovery.feature:5&amp#27;[0m
  &amp#27;[32mGiven &amp#27;[0m&amp#27;[32muser navigate to login page&amp#27;[0m                  &amp#27;[90m# org.example.stepDefinitions.SD02_Login.step1()&amp#27;[0m
  &amp#27;[32mAnd &amp#27;[0m&amp#27;[32muser click on forgot password&amp#27;[0m                  &amp#27;[90m# org.example.stepDefinitions.SD03_PasswordRecovery.step1()&amp#27;[0m
  &amp#27;[32mThen &amp#27;[0m&amp#27;[32muser fill email with valid email&amp#27;[0m              &amp#27;[90m# org.example.stepDefinitions.SD03_PasswordRecovery.step2()&amp#27;[0m
  &amp#27;[32mAnd &amp#27;[0m&amp#27;[32muser click on Recover button&amp#27;[0m                   &amp#27;[90m# org.example.stepDefinitions.SD03_PasswordRecovery.step3()&amp#27;[0m
  &amp#27;[32mThen &amp#27;[0m&amp#27;[32muser should see message&amp#27;[0m                       &amp#27;[90m# org.example.stepDefinitions.SD03_PasswordRecovery.step4()&amp#27;[0m

@smoke
Scenario: Logged User could switch between currencies  &amp#27;[90m# src/main/resources/features/F04_Currency.feature:4&amp#27;[0m
  &amp#27;[32mGiven &amp#27;[0m&amp#27;[32muser navigate to homepage&amp#27;[0m                      &amp#27;[90m# org.example.stepDefinitions.SD04_Currency.step1()&amp#27;[0m
  &amp#27;[32mWhen &amp#27;[0m&amp#27;[32muser change current currency to Euro&amp#27;[0m            &amp#27;[90m# org.example.stepDefinitions.SD04_Currency.step2()&amp#27;[0m
  &amp#27;[32mThen &amp#27;[0m&amp#27;[32muser should found all products prices in Euro&amp#27;[0m   &amp#27;[90m# org.example.stepDefinitions.SD04_Currency.step3()&amp#27;[0m
  &amp#27;[32mWhen &amp#27;[0m&amp#27;[32muser change current currency to Dollar&amp#27;[0m          &amp#27;[90m# org.example.stepDefinitions.SD04_Currency.step4()&amp#27;[0m
  &amp#27;[32mThen &amp#27;[0m&amp#27;[32muser should found all products prices in Dollar&amp#27;[0m &amp#27;[90m# org.example.stepDefinitions.SD04_Currency.step5()&amp#27;[0m

@smoke
Scenario: user could search using product name              &amp#27;[90m# src/main/resources/features/F05_Search.feature:7&amp#27;[0m
  &amp#27;[32mGiven &amp#27;[0m&amp#27;[32muser navigate to homepage&amp#27;[0m                           &amp#27;[90m# org.example.stepDefinitions.SD04_Currency.step1()&amp#27;[0m
  &amp#27;[32mWhen &amp#27;[0m&amp#27;[32muser click on search bar&amp#27;[0m                             &amp#27;[90m# org.example.stepDefinitions.SD05_Search.step1()&amp#27;[0m
  &amp#27;[32mAnd &amp#27;[0m&amp#27;[32muser search for product like "&amp#27;[0m&amp#27;[32m&amp#27;[1mApple&amp#27;[0m&amp#27;[32m"&amp#27;[0m                  &amp#27;[90m# org.example.stepDefinitions.SD05_Search.step2(java.lang.String)&amp#27;[0m
  &amp#27;[32mAnd &amp#27;[0m&amp#27;[32muser click on search Button&amp#27;[0m                           &amp#27;[90m# org.example.stepDefinitions.SD05_Search.step3()&amp#27;[0m
  &amp#27;[32mThen &amp#27;[0m&amp#27;[32muser could search successfully and go to search page&amp#27;[0m &amp#27;[90m# org.example.stepDefinitions.SD05_Search.step4()&amp#27;[0m

@smoke
Scenario: user search using SKU                &amp#27;[90m# src/main/resources/features/F05_Search.feature:13&amp#27;[0m
  &amp#27;[32mGiven &amp#27;[0m&amp#27;[32muser navigate to homepage&amp#27;[0m              &amp#27;[90m# org.example.stepDefinitions.SD04_Currency.step1()&amp#27;[0m
  &amp#27;[32mWhen &amp#27;[0m&amp#27;[32muser click on search bar&amp#27;[0m                &amp#27;[90m# org.example.stepDefinitions.SD05_Search.step1()&amp#27;[0m
  &amp#27;[32mAnd &amp#27;[0m&amp#27;[32muser search for product like "&amp#27;[0m&amp#27;[32m&amp#27;[1mAP_MBP_13&amp#27;[0m&amp#27;[32m"&amp#27;[0m &amp#27;[90m# org.example.stepDefinitions.SD05_Search.step2(java.lang.String)&amp#27;[0m
  &amp#27;[32mAnd &amp#27;[0m&amp#27;[32muser click on search Button&amp#27;[0m              &amp#27;[90m# org.example.stepDefinitions.SD05_Search.step3()&amp#27;[0m
  &amp#27;[32mThen &amp#27;[0m&amp#27;[32muser could search successfully with SKU&amp#27;[0m &amp#27;[90m# org.example.stepDefinitions.SD05_Search.step5()&amp#27;[0m

@smoke
Scenario: user search using invalid product name &amp#27;[90m# src/main/resources/features/F05_Search.feature:19&amp#27;[0m
  &amp#27;[32mGiven &amp#27;[0m&amp#27;[32muser navigate to homepage&amp#27;[0m                &amp#27;[90m# org.example.stepDefinitions.SD04_Currency.step1()&amp#27;[0m
  &amp#27;[32mWhen &amp#27;[0m&amp#27;[32muser click on search bar&amp#27;[0m                  &amp#27;[90m# org.example.stepDefinitions.SD05_Search.step1()&amp#27;[0m
  &amp#27;[32mAnd &amp#27;[0m&amp#27;[32muser search for product like "&amp#27;[0m&amp#27;[32m&amp#27;[1mnothing&amp#27;[0m&amp#27;[32m"&amp#27;[0m     &amp#27;[90m# org.example.stepDefinitions.SD05_Search.step2(java.lang.String)&amp#27;[0m
  &amp#27;[32mAnd &amp#27;[0m&amp#27;[32muser click on search Button&amp#27;[0m                &amp#27;[90m# org.example.stepDefinitions.SD05_Search.step3()&amp#27;[0m
  &amp#27;[32mThen &amp#27;[0m&amp#27;[32muser could not search&amp#27;[0m                     &amp#27;[90m# org.example.stepDefinitions.SD05_Search.step6()&amp#27;[0m

@smoke
Scenario: user could hover categories             &amp#27;[90m# src/main/resources/features/F06_HoverCategories.feature:5&amp#27;[0m
  &amp#27;[32mGiven &amp#27;[0m&amp#27;[32muser navigate to homepage&amp#27;[0m                 &amp#27;[90m# org.example.stepDefinitions.SD04_Currency.step1()&amp#27;[0m
  &amp#27;[32mWhen &amp#27;[0m&amp#27;[32muser hover category and select subcategory&amp#27;[0m &amp#27;[90m# org.example.stepDefinitions.SD06_HoverCategories.step1()&amp#27;[0m
  &amp#27;[32mAnd &amp#27;[0m&amp#27;[32muser click on subcategory&amp#27;[0m                   &amp#27;[90m# org.example.stepDefinitions.SD06_HoverCategories.step2()&amp#27;[0m
  &amp#27;[32mThen &amp#27;[0m&amp#27;[32muser go to relative product page&amp#27;[0m           &amp#27;[90m# org.example.stepDefinitions.SD06_HoverCategories.step3()&amp#27;[0m

@smoke
Scenario: user opens facebook link                                 &amp#27;[90m# src/main/resources/features/F08_FollowUs.feature:8&amp#27;[0m
  &amp#27;[32mGiven &amp#27;[0m&amp#27;[32muser navigate to homepage&amp#27;[0m                                  &amp#27;[90m# org.example.stepDefinitions.SD04_Currency.step1()&amp#27;[0m
  &amp#27;[32mWhen &amp#27;[0m&amp#27;[32muser opens facebook link&amp#27;[0m                                    &amp#27;[90m# org.example.stepDefin]]></system-out>
    <system-err><![CDATA[Starting ChromeDriver 106.0.5249.61 (511755355844955cd3e264779baf0dd38212a4d0-refs/branch-heads/5249@{#569}) on port 41916
Only local connections are allowed.
Please see https://chromedriver.chromium.org/security-considerations for suggestions on keeping ChromeDriver safe.
ChromeDriver was started successfully.
Oct 22, 2022 2:12:29 PM org.openqa.selenium.remote.ProtocolHandshake createSession
INFO: Detected dialect: W3C
]]></system-err>
  </testcase>
  <testcase name="runScenario[&quot;user opens twitter link&quot;, &quot;F08_FollowUs | users could open followUs links&quot;](11)" classname="org.example.testRunners.R01_Smoke" time="8.609">
    <system-err><![CDATA[Starting ChromeDriver 106.0.5249.61 (511755355844955cd3e264779baf0dd38212a4d0-refs/branch-heads/5249@{#569}) on port 19111
Only local connections are allowed.
Please see https://chromedriver.chromium.org/security-considerations for suggestions on keeping ChromeDriver safe.
ChromeDriver was started successfully.
Oct 22, 2022 2:12:38 PM org.openqa.selenium.remote.ProtocolHandshake createSession
INFO: Detected dialect: W3C
]]></system-err>
  </testcase>
  <testcase name="runScenario[&quot;user opens rss link&quot;, &quot;F08_FollowUs | users could open followUs links&quot;](12)" classname="org.example.testRunners.R01_Smoke" time="8.951">
    <failure message="Index: 1, Size: 1" type="java.lang.IndexOutOfBoundsException"><![CDATA[java.lang.IndexOutOfBoundsException: Index: 1, Size: 1
	at java.util.ArrayList.rangeCheck(ArrayList.java:659)
	at java.util.ArrayList.get(ArrayList.java:435)
	at org.example.stepDefinitions.SD08_FollowUs.opens_new_tab(SD08_FollowUs.java:19)
	at ✽."https://demo.nopcommerce.com/new-online-store-is-open" is opened in new tab(file:///C:/Users/Omar%20Alaa/IdeaProjects/Demo-NopCommerce-By-Sara-Omar/src/main/resources/features/F08_FollowUs.feature:20)
]]></failure>
    <system-err><![CDATA[Starting ChromeDriver 106.0.5249.61 (511755355844955cd3e264779baf0dd38212a4d0-refs/branch-heads/5249@{#569}) on port 46006
Only local connections are allowed.
Please see https://chromedriver.chromium.org/security-considerations for suggestions on keeping ChromeDriver safe.
ChromeDriver was started successfully.
Oct 22, 2022 2:12:46 PM org.openqa.selenium.remote.ProtocolHandshake createSession
INFO: Detected dialect: W3C
]]></system-err>
  </testcase>
  <testcase name="runScenario[&quot;user opens youtube link&quot;, &quot;F08_FollowUs | users could open followUs links&quot;](13)" classname="org.example.testRunners.R01_Smoke" time="9.499">
    <system-err><![CDATA[Starting ChromeDriver 106.0.5249.61 (511755355844955cd3e264779baf0dd38212a4d0-refs/branch-heads/5249@{#569}) on port 42193
Only local connections are allowed.
Please see https://chromedriver.chromium.org/security-considerations for suggestions on keeping ChromeDriver safe.
ChromeDriver was started successfully.
Oct 22, 2022 2:12:55 PM org.openqa.selenium.remote.ProtocolHandshake createSession
INFO: Detected dialect: W3C
]]></system-err>
  </testcase>
  <testcase name="runScenario[&quot;success message is visible after adding item to wishlist&quot;, &quot;F08_WishList  |  guest user could add products to wishlist&quot;](14)" classname="org.example.testRunners.R01_Smoke" time="10.394">
    <system-err><![CDATA[Starting ChromeDriver 106.0.5249.61 (511755355844955cd3e264779baf0dd38212a4d0-refs/branch-heads/5249@{#569}) on port 40551
Only local connections are allowed.
Please see https://chromedriver.chromium.org/security-considerations for suggestions on keeping ChromeDriver safe.
ChromeDriver was started successfully.
Oct 22, 2022 2:13:05 PM org.openqa.selenium.remote.ProtocolHandshake createSession
INFO: Detected dialect: W3C
]]></system-err>
  </testcase>
  <testcase name="runScenario[&quot;number of wishlist items in home page is increased&quot;, &quot;F08_WishList  |  guest user could add products to wishlist&quot;](15)" classname="org.example.testRunners.R01_Smoke" time="9.956">
    <system-err><![CDATA[Starting ChromeDriver 106.0.5249.61 (511755355844955cd3e264779baf0dd38212a4d0-refs/branch-heads/5249@{#569}) on port 45473
Only local connections are allowed.
Please see https://chromedriver.chromium.org/security-considerations for suggestions on keeping ChromeDriver safe.
ChromeDriver was started successfully.
Oct 22, 2022 2:13:15 PM org.openqa.selenium.remote.ProtocolHandshake createSession
INFO: Detected dialect: W3C
]]></system-err>
  </testcase>
  <testcase name="runScenario[&quot;added items are displayed on wishlist&quot;, &quot;F08_WishList  |  guest user could add products to wishlist&quot;](16)" classname="org.example.testRunners.R01_Smoke" time="12.54">
    <system-err><![CDATA[Starting ChromeDriver 106.0.5249.61 (511755355844955cd3e264779baf0dd38212a4d0-refs/branch-heads/5249@{#569}) on port 8478
Only local connections are allowed.
Please see https://chromedriver.chromium.org/security-considerations for suggestions on keeping ChromeDriver safe.
ChromeDriver was started successfully.
Oct 22, 2022 2:13:25 PM org.openqa.selenium.remote.ProtocolHandshake createSession
INFO: Detected dialect: W3C
]]></system-err>
  </testcase>
</testsuite>